2024/06/13 15:04:28.522  [I] [server.go:281]  http server Running on http://:4000
2024/06/13 15:04:39.411  [D] [router.go:1305]  |      127.0.0.1|[97;42m 200 [0m| 177.926095ms|   match|[97;46m POST    [0m /v1/user/login   r:/v1/user/login
2024/06/13 15:05:04.543  [D] [router.go:1305]  |            ::1|[97;42m 200 [0m|       15.9µs| nomatch|[90;47m OPTIONS [0m /v1/user/login
2024/06/13 15:05:04.690  [D] [router.go:1305]  |            ::1|[97;42m 200 [0m| 145.852392ms|   match|[97;46m POST    [0m /v1/user/login   r:/v1/user/login
2024/06/14 21:56:14.452  [I] [server.go:281]  http server Running on http://:4000
2024/06/14 21:56:43.303  [I] [server.go:281]  http server Running on http://:4000
2024/06/14 21:56:56.936  [D] [router.go:1305]  |            ::1|[97;43m 404 [0m|      202.5µs| nomatch|[97;44m GET     [0m /  
2024/06/14 21:56:57.126  [D] [router.go:1305]  |            ::1|[97;43m 404 [0m|      267.5µs| nomatch|[97;44m GET     [0m /favicon.ico
2024/06/15 20:37:26.017  [I] [server.go:281]  http server Running on http://:4000
2024/06/15 20:40:41.906  [I] [server.go:281]  http server Running on http://:4000
2024/06/15 20:42:39.428  [I] [server.go:281]  http server Running on http://:4000
2024/06/15 20:44:36.553  [I] [server.go:281]  http server Running on http://:4000
2024/06/15 20:45:12.608  [I] [server.go:281]  http server Running on http://:4000
2024/06/15 20:52:17.909  [I] [server.go:281]  http server Running on http://:4000
2024/06/15 20:55:11.755  [I] [server.go:281]  http server Running on http://:4000
2024/06/15 20:56:13.927  [I] [server.go:281]  http server Running on http://:4000
2024/06/15 20:59:26.321  [I] [server.go:281]  http server Running on http://:4000
2024/06/15 21:00:26.610  [I] [server.go:281]  http server Running on http://:4000
2024/06/15 21:02:15.402  [I] [server.go:281]  http server Running on http://:4000
2024/06/15 21:04:00.125  [I] [server.go:281]  http server Running on http://:4000
2024/06/15 21:04:09.269  [D] [router.go:1305]  |      127.0.0.1|[97;42m 200 [0m| 221.299303ms|   match|[97;44m GET     [0m /v1/plaid/link/create   r:/v1/plaid/link/create
2024/06/15 21:05:44.363  [I] [server.go:281]  http server Running on http://:4000
2024/06/15 21:05:47.974  [D] [router.go:1305]  |      127.0.0.1|[97;42m 200 [0m| 235.444596ms|   match|[97;44m GET     [0m /v1/plaid/link/create   r:/v1/plaid/link/create
